<?xml version="1.0" encoding="UTF-8"?>
<!-- Generated by org.testng.reporters.JUnitReportReporter -->
<testsuite hostname="SupriyaKole" failures="0" tests="1" name="apichaining.EndToEndTest" time="6.570" errors="0" timestamp="2022-06-06T13:18:34 IST" skipped="0">
  <testcase classname="apichaining.EndToEndTest" name="test1" time="6.570"/>
  <system-out/>
</testsuite> <!-- apichaining.EndToEndTest -->
